<?xml version="1.0" encoding="UTF-8"?>
<testsuite xmlns:xsi="http://www.w3.org/2001/XMLSchema-instance" xsi:noNamespaceSchemaLocation="https://maven.apache.org/surefire/maven-surefire-plugin/xsd/surefire-test-report-3.0.xsd" version="3.0" name="TestSuite" time="40.287" tests="7" errors="0" skipped="2" failures="0">
  <properties>
    <property name="java.specification.version" value="19"/>
    <property name="webdriver.chrome.driver" value="C:\Users\andrii.teterka\.cache\selenium\chromedriver\win32\113.0.5672.63\chromedriver.exe"/>
    <property name="sun.cpu.isalist" value="amd64"/>
    <property name="sun.jnu.encoding" value="Cp1251"/>
    <property name="java.class.path" value="C:\Users\andrii.teterka\IdeaProjects\IDPProjectUI\target\test-classes;C:\Users\andrii.teterka\IdeaProjects\IDPProjectUI\target\classes;C:\Users\andrii.teterka\.m2\repository\org\testng\testng\7.7.1\testng-7.7.1.jar;C:\Users\andrii.teterka\.m2\repository\com\beust\jcommander\1.82\jcommander-1.82.jar;C:\Users\andrii.teterka\.m2\repository\org\webjars\jquery\3.6.1\jquery-3.6.1.jar;C:\Users\andrii.teterka\.m2\repository\org\assertj\assertj-core\3.24.2\assertj-core-3.24.2.jar;C:\Users\andrii.teterka\.m2\repository\net\bytebuddy\byte-buddy\1.12.21\byte-buddy-1.12.21.jar;C:\Users\andrii.teterka\.m2\repository\junit\junit\4.13.2\junit-4.13.2.jar;C:\Users\andrii.teterka\.m2\repository\org\hamcrest\hamcrest-core\1.3\hamcrest-core-1.3.jar;C:\Users\andrii.teterka\.m2\repository\com\codeborne\selenide\6.13.0\selenide-6.13.0.jar;C:\Users\andrii.teterka\.m2\repository\org\seleniumhq\selenium\selenium-java\4.8.3\selenium-java-4.8.3.jar;C:\Users\andrii.teterka\.m2\repository\org\seleniumhq\selenium\selenium-api\4.8.3\selenium-api-4.8.3.jar;C:\Users\andrii.teterka\.m2\repository\org\seleniumhq\selenium\selenium-chrome-driver\4.8.3\selenium-chrome-driver-4.8.3.jar;C:\Users\andrii.teterka\.m2\repository\com\google\auto\service\auto-service-annotations\1.0.1\auto-service-annotations-1.0.1.jar;C:\Users\andrii.teterka\.m2\repository\com\google\auto\service\auto-service\1.0.1\auto-service-1.0.1.jar;C:\Users\andrii.teterka\.m2\repository\com\google\auto\auto-common\1.2\auto-common-1.2.jar;C:\Users\andrii.teterka\.m2\repository\org\seleniumhq\selenium\selenium-chromium-driver\4.8.3\selenium-chromium-driver-4.8.3.jar;C:\Users\andrii.teterka\.m2\repository\org\seleniumhq\selenium\selenium-json\4.8.3\selenium-json-4.8.3.jar;C:\Users\andrii.teterka\.m2\repository\org\seleniumhq\selenium\selenium-manager\4.8.3\selenium-manager-4.8.3.jar;C:\Users\andrii.teterka\.m2\repository\org\seleniumhq\selenium\selenium-devtools-v109\4.8.3\selenium-devtools-v109-4.8.3.jar;C:\Users\andrii.teterka\.m2\repository\org\seleniumhq\selenium\selenium-devtools-v110\4.8.3\selenium-devtools-v110-4.8.3.jar;C:\Users\andrii.teterka\.m2\repository\org\seleniumhq\selenium\selenium-devtools-v111\4.8.3\selenium-devtools-v111-4.8.3.jar;C:\Users\andrii.teterka\.m2\repository\org\seleniumhq\selenium\selenium-devtools-v85\4.8.3\selenium-devtools-v85-4.8.3.jar;C:\Users\andrii.teterka\.m2\repository\org\seleniumhq\selenium\selenium-edge-driver\4.8.3\selenium-edge-driver-4.8.3.jar;C:\Users\andrii.teterka\.m2\repository\org\seleniumhq\selenium\selenium-firefox-driver\4.8.3\selenium-firefox-driver-4.8.3.jar;C:\Users\andrii.teterka\.m2\repository\org\seleniumhq\selenium\selenium-http\4.8.3\selenium-http-4.8.3.jar;C:\Users\andrii.teterka\.m2\repository\dev\failsafe\failsafe\3.3.1\failsafe-3.3.1.jar;C:\Users\andrii.teterka\.m2\repository\org\seleniumhq\selenium\selenium-ie-driver\4.8.3\selenium-ie-driver-4.8.3.jar;C:\Users\andrii.teterka\.m2\repository\org\seleniumhq\selenium\selenium-remote-driver\4.8.3\selenium-remote-driver-4.8.3.jar;C:\Users\andrii.teterka\.m2\repository\io\netty\netty-buffer\4.1.90.Final\netty-buffer-4.1.90.Final.jar;C:\Users\andrii.teterka\.m2\repository\io\netty\netty-codec-http\4.1.90.Final\netty-codec-http-4.1.90.Final.jar;C:\Users\andrii.teterka\.m2\repository\io\netty\netty-codec\4.1.90.Final\netty-codec-4.1.90.Final.jar;C:\Users\andrii.teterka\.m2\repository\io\netty\netty-handler\4.1.90.Final\netty-handler-4.1.90.Final.jar;C:\Users\andrii.teterka\.m2\repository\io\netty\netty-common\4.1.90.Final\netty-common-4.1.90.Final.jar;C:\Users\andrii.teterka\.m2\repository\io\netty\netty-transport-classes-epoll\4.1.90.Final\netty-transport-classes-epoll-4.1.90.Final.jar;C:\Users\andrii.teterka\.m2\repository\io\netty\netty-transport-classes-kqueue\4.1.90.Final\netty-transport-classes-kqueue-4.1.90.Final.jar;C:\Users\andrii.teterka\.m2\repository\io\netty\netty-transport-native-epoll\4.1.90.Final\netty-transport-native-epoll-4.1.90.Final.jar;C:\Users\andrii.teterka\.m2\repository\io\netty\netty-transport-native-kqueue\4.1.90.Final\netty-transport-native-kqueue-4.1.90.Final.jar;C:\Users\andrii.teterka\.m2\repository\io\netty\netty-transport-native-unix-common\4.1.90.Final\netty-transport-native-unix-common-4.1.90.Final.jar;C:\Users\andrii.teterka\.m2\repository\io\netty\netty-transport\4.1.90.Final\netty-transport-4.1.90.Final.jar;C:\Users\andrii.teterka\.m2\repository\io\netty\netty-resolver\4.1.90.Final\netty-resolver-4.1.90.Final.jar;C:\Users\andrii.teterka\.m2\repository\io\opentelemetry\opentelemetry-api\1.24.0\opentelemetry-api-1.24.0.jar;C:\Users\andrii.teterka\.m2\repository\io\opentelemetry\opentelemetry-context\1.24.0\opentelemetry-context-1.24.0.jar;C:\Users\andrii.teterka\.m2\repository\io\opentelemetry\opentelemetry-exporter-logging\1.24.0\opentelemetry-exporter-logging-1.24.0.jar;C:\Users\andrii.teterka\.m2\repository\io\opentelemetry\opentelemetry-sdk-metrics\1.24.0\opentelemetry-sdk-metrics-1.24.0.jar;C:\Users\andrii.teterka\.m2\repository\io\opentelemetry\opentelemetry-sdk-logs\1.24.0-alpha\opentelemetry-sdk-logs-1.24.0-alpha.jar;C:\Users\andrii.teterka\.m2\repository\io\opentelemetry\opentelemetry-api-logs\1.24.0-alpha\opentelemetry-api-logs-1.24.0-alpha.jar;C:\Users\andrii.teterka\.m2\repository\io\opentelemetry\opentelemetry-api-events\1.24.0-alpha\opentelemetry-api-events-1.24.0-alpha.jar;C:\Users\andrii.teterka\.m2\repository\io\opentelemetry\opentelemetry-sdk-common\1.24.0\opentelemetry-sdk-common-1.24.0.jar;C:\Users\andrii.teterka\.m2\repository\io\opentelemetry\opentelemetry-sdk-extension-autoconfigure-spi\1.24.0\opentelemetry-sdk-extension-autoconfigure-spi-1.24.0.jar;C:\Users\andrii.teterka\.m2\repository\io\opentelemetry\opentelemetry-sdk-extension-autoconfigure\1.24.0-alpha\opentelemetry-sdk-extension-autoconfigure-1.24.0-alpha.jar;C:\Users\andrii.teterka\.m2\repository\io\opentelemetry\opentelemetry-sdk-trace\1.24.0\opentelemetry-sdk-trace-1.24.0.jar;C:\Users\andrii.teterka\.m2\repository\io\opentelemetry\opentelemetry-sdk\1.24.0\opentelemetry-sdk-1.24.0.jar;C:\Users\andrii.teterka\.m2\repository\io\opentelemetry\opentelemetry-semconv\1.24.0-alpha\opentelemetry-semconv-1.24.0-alpha.jar;C:\Users\andrii.teterka\.m2\repository\io\ous\jtoml\2.0.0\jtoml-2.0.0.jar;C:\Users\andrii.teterka\.m2\repository\org\apache\commons\commons-exec\1.3\commons-exec-1.3.jar;C:\Users\andrii.teterka\.m2\repository\org\asynchttpclient\async-http-client\2.12.3\async-http-client-2.12.3.jar;C:\Users\andrii.teterka\.m2\repository\org\asynchttpclient\async-http-client-netty-utils\2.12.3\async-http-client-netty-utils-2.12.3.jar;C:\Users\andrii.teterka\.m2\repository\io\netty\netty-codec-socks\4.1.60.Final\netty-codec-socks-4.1.60.Final.jar;C:\Users\andrii.teterka\.m2\repository\io\netty\netty-handler-proxy\4.1.60.Final\netty-handler-proxy-4.1.60.Final.jar;C:\Users\andrii.teterka\.m2\repository\io\netty\netty-transport-native-epoll\4.1.60.Final\netty-transport-native-epoll-4.1.60.Final-linux-x86_64.jar;C:\Users\andrii.teterka\.m2\repository\io\netty\netty-transport-native-kqueue\4.1.60.Final\netty-transport-native-kqueue-4.1.60.Final-osx-x86_64.jar;C:\Users\andrii.teterka\.m2\repository\org\reactivestreams\reactive-streams\1.0.3\reactive-streams-1.0.3.jar;C:\Users\andrii.teterka\.m2\repository\com\typesafe\netty\netty-reactive-streams\2.0.4\netty-reactive-streams-2.0.4.jar;C:\Users\andrii.teterka\.m2\repository\com\sun\activation\jakarta.activation\1.2.2\jakarta.activation-1.2.2.jar;C:\Users\andrii.teterka\.m2\repository\org\seleniumhq\selenium\selenium-safari-driver\4.8.3\selenium-safari-driver-4.8.3.jar;C:\Users\andrii.teterka\.m2\repository\org\seleniumhq\selenium\selenium-support\4.8.3\selenium-support-4.8.3.jar;C:\Users\andrii.teterka\.m2\repository\com\codeborne\selenide-core\6.13.0\selenide-core-6.13.0.jar;C:\Users\andrii.teterka\.m2\repository\org\opentest4j\opentest4j\1.2.0\opentest4j-1.2.0.jar;C:\Users\andrii.teterka\.m2\repository\io\github\bonigarcia\webdrivermanager\5.3.2\webdrivermanager-5.3.2.jar;C:\Users\andrii.teterka\.m2\repository\com\google\code\gson\gson\2.10.1\gson-2.10.1.jar;C:\Users\andrii.teterka\.m2\repository\org\brotli\dec\0.1.2\dec-0.1.2.jar;C:\Users\andrii.teterka\.m2\repository\org\apache\commons\commons-compress\1.23.0\commons-compress-1.23.0.jar;C:\Users\andrii.teterka\.m2\repository\org\apache\httpcomponents\client5\httpclient5\5.2.1\httpclient5-5.2.1.jar;C:\Users\andrii.teterka\.m2\repository\org\apache\httpcomponents\core5\httpcore5\5.2\httpcore5-5.2.jar;C:\Users\andrii.teterka\.m2\repository\org\apache\httpcomponents\core5\httpcore5-h2\5.2\httpcore5-h2-5.2.jar;C:\Users\andrii.teterka\.m2\repository\com\google\guava\guava\31.1-jre\guava-31.1-jre.jar;C:\Users\andrii.teterka\.m2\repository\com\google\guava\failureaccess\1.0.1\failureaccess-1.0.1.jar;C:\Users\andrii.teterka\.m2\repository\com\google\guava\listenablefuture\9999.0-empty-to-avoid-conflict-with-guava\listenablefuture-9999.0-empty-to-avoid-conflict-with-guava.jar;C:\Users\andrii.teterka\.m2\repository\com\google\code\findbugs\jsr305\3.0.2\jsr305-3.0.2.jar;C:\Users\andrii.teterka\.m2\repository\org\checkerframework\checker-qual\3.12.0\checker-qual-3.12.0.jar;C:\Users\andrii.teterka\.m2\repository\com\google\errorprone\error_prone_annotations\2.11.0\error_prone_annotations-2.11.0.jar;C:\Users\andrii.teterka\.m2\repository\com\google\j2objc\j2objc-annotations\1.3\j2objc-annotations-1.3.jar;C:\Users\andrii.teterka\.m2\repository\org\apache\commons\commons-lang3\3.12.0\commons-lang3-3.12.0.jar;C:\Users\andrii.teterka\.m2\repository\commons-io\commons-io\2.11.0\commons-io-2.11.0.jar;C:\Users\andrii.teterka\.m2\repository\ch\qos\logback\logback-classic\1.4.6\logback-classic-1.4.6.jar;C:\Users\andrii.teterka\.m2\repository\ch\qos\logback\logback-core\1.4.6\logback-core-1.4.6.jar;C:\Users\andrii.teterka\.m2\repository\org\slf4j\slf4j-api\2.0.7\slf4j-api-2.0.7.jar;C:\Users\andrii.teterka\.m2\repository\io\qameta\allure\allure-testng\2.21.0\allure-testng-2.21.0.jar;C:\Users\andrii.teterka\.m2\repository\io\qameta\allure\allure-java-commons\2.21.0\allure-java-commons-2.21.0.jar;C:\Users\andrii.teterka\.m2\repository\io\qameta\allure\allure-model\2.21.0\allure-model-2.21.0.jar;C:\Users\andrii.teterka\.m2\repository\io\qameta\allure\allure-test-filter\2.21.0\allure-test-filter-2.21.0.jar;C:\Users\andrii.teterka\.m2\repository\com\fasterxml\jackson\core\jackson-databind\2.14.1\jackson-databind-2.14.1.jar;C:\Users\andrii.teterka\.m2\repository\com\fasterxml\jackson\core\jackson-annotations\2.14.1\jackson-annotations-2.14.1.jar;C:\Users\andrii.teterka\.m2\repository\com\fasterxml\jackson\core\jackson-core\2.14.1\jackson-core-2.14.1.jar;C:\Users\andrii.teterka\.m2\repository\com\fasterxml\jackson\dataformat\jackson-dataformat-yaml\2.14.1\jackson-dataformat-yaml-2.14.1.jar;C:\Users\andrii.teterka\.m2\repository\org\yaml\snakeyaml\1.33\snakeyaml-1.33.jar;C:\Users\andrii.teterka\.m2\repository\org\eclipse\jetty\jetty-server\9.4.49.v20220914\jetty-server-9.4.49.v20220914.jar;C:\Users\andrii.teterka\.m2\repository\javax\servlet\javax.servlet-api\3.1.0\javax.servlet-api-3.1.0.jar;C:\Users\andrii.teterka\.m2\repository\org\eclipse\jetty\jetty-http\9.4.49.v20220914\jetty-http-9.4.49.v20220914.jar;C:\Users\andrii.teterka\.m2\repository\org\eclipse\jetty\jetty-util\9.4.49.v20220914\jetty-util-9.4.49.v20220914.jar;C:\Users\andrii.teterka\.m2\repository\org\eclipse\jetty\jetty-io\9.4.49.v20220914\jetty-io-9.4.49.v20220914.jar;C:\Users\andrii.teterka\.m2\repository\io\qameta\allure\allure-generator\2.21.0\allure-generator-2.21.0.jar;C:\Users\andrii.teterka\.m2\repository\io\qameta\allure\allure-plugin-api\2.21.0\allure-plugin-api-2.21.0.jar;C:\Users\andrii.teterka\.m2\repository\com\opencsv\opencsv\4.6\opencsv-4.6.jar;C:\Users\andrii.teterka\.m2\repository\org\apache\commons\commons-text\1.3\commons-text-1.3.jar;C:\Users\andrii.teterka\.m2\repository\commons-beanutils\commons-beanutils\1.9.3\commons-beanutils-1.9.3.jar;C:\Users\andrii.teterka\.m2\repository\commons-collections\commons-collections\3.2.2\commons-collections-3.2.2.jar;C:\Users\andrii.teterka\.m2\repository\org\apache\commons\commons-collections4\4.2\commons-collections4-4.2.jar;C:\Users\andrii.teterka\.m2\repository\com\vladsch\flexmark\flexmark\0.62.2\flexmark-0.62.2.jar;C:\Users\andrii.teterka\.m2\repository\com\vladsch\flexmark\flexmark-util-ast\0.62.2\flexmark-util-ast-0.62.2.jar;C:\Users\andrii.teterka\.m2\repository\org\jetbrains\annotations\15.0\annotations-15.0.jar;C:\Users\andrii.teterka\.m2\repository\com\vladsch\flexmark\flexmark-util-builder\0.62.2\flexmark-util-builder-0.62.2.jar;C:\Users\andrii.teterka\.m2\repository\com\vladsch\flexmark\flexmark-util-collection\0.62.2\flexmark-util-collection-0.62.2.jar;C:\Users\andrii.teterka\.m2\repository\com\vladsch\flexmark\flexmark-util-data\0.62.2\flexmark-util-data-0.62.2.jar;C:\Users\andrii.teterka\.m2\repository\com\vladsch\flexmark\flexmark-util-dependency\0.62.2\flexmark-util-dependency-0.62.2.jar;C:\Users\andrii.teterka\.m2\repository\com\vladsch\flexmark\flexmark-util-format\0.62.2\flexmark-util-format-0.62.2.jar;C:\Users\andrii.teterka\.m2\repository\com\vladsch\flexmark\flexmark-util-html\0.62.2\flexmark-util-html-0.62.2.jar;C:\Users\andrii.teterka\.m2\repository\com\vladsch\flexmark\flexmark-util-misc\0.62.2\flexmark-util-misc-0.62.2.jar;C:\Users\andrii.teterka\.m2\repository\com\vladsch\flexmark\flexmark-util-sequence\0.62.2\flexmark-util-sequence-0.62.2.jar;C:\Users\andrii.teterka\.m2\repository\com\vladsch\flexmark\flexmark-util-visitor\0.62.2\flexmark-util-visitor-0.62.2.jar;C:\Users\andrii.teterka\.m2\repository\com\vladsch\flexmark\flexmark-ext-tables\0.62.2\flexmark-ext-tables-0.62.2.jar;C:\Users\andrii.teterka\.m2\repository\com\vladsch\flexmark\flexmark-util\0.62.2\flexmark-util-0.62.2.jar;C:\Users\andrii.teterka\.m2\repository\com\vladsch\flexmark\flexmark-util-options\0.62.2\flexmark-util-options-0.62.2.jar;C:\Users\andrii.teterka\.m2\repository\com\fasterxml\jackson\dataformat\jackson-dataformat-xml\2.14.1\jackson-dataformat-xml-2.14.1.jar;C:\Users\andrii.teterka\.m2\repository\org\codehaus\woodstox\stax2-api\4.2.1\stax2-api-4.2.1.jar;C:\Users\andrii.teterka\.m2\repository\com\fasterxml\woodstox\woodstox-core\6.4.0\woodstox-core-6.4.0.jar;C:\Users\andrii.teterka\.m2\repository\com\fasterxml\jackson\module\jackson-module-jaxb-annotations\2.14.1\jackson-module-jaxb-annotations-2.14.1.jar;C:\Users\andrii.teterka\.m2\repository\jakarta\xml\bind\jakarta.xml.bind-api\2.3.3\jakarta.xml.bind-api-2.3.3.jar;C:\Users\andrii.teterka\.m2\repository\jakarta\activation\jakarta.activation-api\1.2.2\jakarta.activation-api-1.2.2.jar;C:\Users\andrii.teterka\.m2\repository\javax\xml\bind\jaxb-api\2.3.1\jaxb-api-2.3.1.jar;C:\Users\andrii.teterka\.m2\repository\javax\activation\javax.activation-api\1.2.0\javax.activation-api-1.2.0.jar;C:\Users\andrii.teterka\.m2\repository\org\allurefw\allure1-model\1.0\allure1-model-1.0.jar;C:\Users\andrii.teterka\.m2\repository\ru\qatools\commons\properties\2.0.RC5\properties-2.0.RC5.jar;C:\Users\andrii.teterka\.m2\repository\com\github\baev\jaxb-utils\1.0\jaxb-utils-1.0.jar;C:\Users\andrii.teterka\.m2\repository\org\apache\httpcomponents\httpclient\4.5.14\httpclient-4.5.14.jar;C:\Users\andrii.teterka\.m2\repository\org\apache\httpcomponents\httpcore\4.4.16\httpcore-4.4.16.jar;C:\Users\andrii.teterka\.m2\repository\commons-logging\commons-logging\1.2\commons-logging-1.2.jar;C:\Users\andrii.teterka\.m2\repository\commons-codec\commons-codec\1.11\commons-codec-1.11.jar;C:\Users\andrii.teterka\.m2\repository\org\apache\tika\tika-core\2.6.0\tika-core-2.6.0.jar;C:\Users\andrii.teterka\.m2\repository\org\freemarker\freemarker\2.3.32\freemarker-2.3.32.jar;C:\Users\andrii.teterka\.m2\repository\org\aspectj\aspectjweaver\1.9.19\aspectjweaver-1.9.19.jar;C:\Users\andrii.teterka\.m2\repository\com\typesafe\config\1.4.2\config-1.4.2.jar;C:\Users\andrii.teterka\.m2\repository\com\github\javafaker\javafaker\1.0.2\javafaker-1.0.2.jar;C:\Users\andrii.teterka\.m2\repository\org\yaml\snakeyaml\1.23\snakeyaml-1.23-android.jar;C:\Users\andrii.teterka\.m2\repository\com\github\mifmif\generex\1.0.2\generex-1.0.2.jar;C:\Users\andrii.teterka\.m2\repository\dk\brics\automaton\automaton\1.11-8\automaton-1.11-8.jar;"/>
    <property name="java.vm.vendor" value="Oracle Corporation"/>
    <property name="sun.arch.data.model" value="64"/>
    <property name="user.variant" value=""/>
    <property name="java.vendor.url" value="https://java.oracle.com/"/>
    <property name="user.timezone" value="Europe/Kiev"/>
    <property name="os.name" value="Windows 10"/>
    <property name="java.vm.specification.version" value="19"/>
    <property name="sun.java.launcher" value="SUN_STANDARD"/>
    <property name="user.country" value="US"/>
    <property name="sun.boot.library.path" value="C:\Users\andrii.teterka\.jdks\openjdk-19.0.2\bin"/>
    <property name="sun.java.command" value="C:\Users\andrii.teterka\AppData\Local\Temp\surefire9422064460451970384\surefirebooter-20230530165948457_3.jar C:\Users\andrii.teterka\AppData\Local\Temp\surefire9422064460451970384 2023-05-30T16-59-48_287-jvmRun1 surefire-20230530165948457_1tmp surefire_0-20230530165948457_2tmp"/>
    <property name="jdk.debug" value="release"/>
    <property name="surefire.test.class.path" value="C:\Users\andrii.teterka\IdeaProjects\IDPProjectUI\target\test-classes;C:\Users\andrii.teterka\IdeaProjects\IDPProjectUI\target\classes;C:\Users\andrii.teterka\.m2\repository\org\testng\testng\7.7.1\testng-7.7.1.jar;C:\Users\andrii.teterka\.m2\repository\com\beust\jcommander\1.82\jcommander-1.82.jar;C:\Users\andrii.teterka\.m2\repository\org\webjars\jquery\3.6.1\jquery-3.6.1.jar;C:\Users\andrii.teterka\.m2\repository\org\assertj\assertj-core\3.24.2\assertj-core-3.24.2.jar;C:\Users\andrii.teterka\.m2\repository\net\bytebuddy\byte-buddy\1.12.21\byte-buddy-1.12.21.jar;C:\Users\andrii.teterka\.m2\repository\junit\junit\4.13.2\junit-4.13.2.jar;C:\Users\andrii.teterka\.m2\repository\org\hamcrest\hamcrest-core\1.3\hamcrest-core-1.3.jar;C:\Users\andrii.teterka\.m2\repository\com\codeborne\selenide\6.13.0\selenide-6.13.0.jar;C:\Users\andrii.teterka\.m2\repository\org\seleniumhq\selenium\selenium-java\4.8.3\selenium-java-4.8.3.jar;C:\Users\andrii.teterka\.m2\repository\org\seleniumhq\selenium\selenium-api\4.8.3\selenium-api-4.8.3.jar;C:\Users\andrii.teterka\.m2\repository\org\seleniumhq\selenium\selenium-chrome-driver\4.8.3\selenium-chrome-driver-4.8.3.jar;C:\Users\andrii.teterka\.m2\repository\com\google\auto\service\auto-service-annotations\1.0.1\auto-service-annotations-1.0.1.jar;C:\Users\andrii.teterka\.m2\repository\com\google\auto\service\auto-service\1.0.1\auto-service-1.0.1.jar;C:\Users\andrii.teterka\.m2\repository\com\google\auto\auto-common\1.2\auto-common-1.2.jar;C:\Users\andrii.teterka\.m2\repository\org\seleniumhq\selenium\selenium-chromium-driver\4.8.3\selenium-chromium-driver-4.8.3.jar;C:\Users\andrii.teterka\.m2\repository\org\seleniumhq\selenium\selenium-json\4.8.3\selenium-json-4.8.3.jar;C:\Users\andrii.teterka\.m2\repository\org\seleniumhq\selenium\selenium-manager\4.8.3\selenium-manager-4.8.3.jar;C:\Users\andrii.teterka\.m2\repository\org\seleniumhq\selenium\selenium-devtools-v109\4.8.3\selenium-devtools-v109-4.8.3.jar;C:\Users\andrii.teterka\.m2\repository\org\seleniumhq\selenium\selenium-devtools-v110\4.8.3\selenium-devtools-v110-4.8.3.jar;C:\Users\andrii.teterka\.m2\repository\org\seleniumhq\selenium\selenium-devtools-v111\4.8.3\selenium-devtools-v111-4.8.3.jar;C:\Users\andrii.teterka\.m2\repository\org\seleniumhq\selenium\selenium-devtools-v85\4.8.3\selenium-devtools-v85-4.8.3.jar;C:\Users\andrii.teterka\.m2\repository\org\seleniumhq\selenium\selenium-edge-driver\4.8.3\selenium-edge-driver-4.8.3.jar;C:\Users\andrii.teterka\.m2\repository\org\seleniumhq\selenium\selenium-firefox-driver\4.8.3\selenium-firefox-driver-4.8.3.jar;C:\Users\andrii.teterka\.m2\repository\org\seleniumhq\selenium\selenium-http\4.8.3\selenium-http-4.8.3.jar;C:\Users\andrii.teterka\.m2\repository\dev\failsafe\failsafe\3.3.1\failsafe-3.3.1.jar;C:\Users\andrii.teterka\.m2\repository\org\seleniumhq\selenium\selenium-ie-driver\4.8.3\selenium-ie-driver-4.8.3.jar;C:\Users\andrii.teterka\.m2\repository\org\seleniumhq\selenium\selenium-remote-driver\4.8.3\selenium-remote-driver-4.8.3.jar;C:\Users\andrii.teterka\.m2\repository\io\netty\netty-buffer\4.1.90.Final\netty-buffer-4.1.90.Final.jar;C:\Users\andrii.teterka\.m2\repository\io\netty\netty-codec-http\4.1.90.Final\netty-codec-http-4.1.90.Final.jar;C:\Users\andrii.teterka\.m2\repository\io\netty\netty-codec\4.1.90.Final\netty-codec-4.1.90.Final.jar;C:\Users\andrii.teterka\.m2\repository\io\netty\netty-handler\4.1.90.Final\netty-handler-4.1.90.Final.jar;C:\Users\andrii.teterka\.m2\repository\io\netty\netty-common\4.1.90.Final\netty-common-4.1.90.Final.jar;C:\Users\andrii.teterka\.m2\repository\io\netty\netty-transport-classes-epoll\4.1.90.Final\netty-transport-classes-epoll-4.1.90.Final.jar;C:\Users\andrii.teterka\.m2\repository\io\netty\netty-transport-classes-kqueue\4.1.90.Final\netty-transport-classes-kqueue-4.1.90.Final.jar;C:\Users\andrii.teterka\.m2\repository\io\netty\netty-transport-native-epoll\4.1.90.Final\netty-transport-native-epoll-4.1.90.Final.jar;C:\Users\andrii.teterka\.m2\repository\io\netty\netty-transport-native-kqueue\4.1.90.Final\netty-transport-native-kqueue-4.1.90.Final.jar;C:\Users\andrii.teterka\.m2\repository\io\netty\netty-transport-native-unix-common\4.1.90.Final\netty-transport-native-unix-common-4.1.90.Final.jar;C:\Users\andrii.teterka\.m2\repository\io\netty\netty-transport\4.1.90.Final\netty-transport-4.1.90.Final.jar;C:\Users\andrii.teterka\.m2\repository\io\netty\netty-resolver\4.1.90.Final\netty-resolver-4.1.90.Final.jar;C:\Users\andrii.teterka\.m2\repository\io\opentelemetry\opentelemetry-api\1.24.0\opentelemetry-api-1.24.0.jar;C:\Users\andrii.teterka\.m2\repository\io\opentelemetry\opentelemetry-context\1.24.0\opentelemetry-context-1.24.0.jar;C:\Users\andrii.teterka\.m2\repository\io\opentelemetry\opentelemetry-exporter-logging\1.24.0\opentelemetry-exporter-logging-1.24.0.jar;C:\Users\andrii.teterka\.m2\repository\io\opentelemetry\opentelemetry-sdk-metrics\1.24.0\opentelemetry-sdk-metrics-1.24.0.jar;C:\Users\andrii.teterka\.m2\repository\io\opentelemetry\opentelemetry-sdk-logs\1.24.0-alpha\opentelemetry-sdk-logs-1.24.0-alpha.jar;C:\Users\andrii.teterka\.m2\repository\io\opentelemetry\opentelemetry-api-logs\1.24.0-alpha\opentelemetry-api-logs-1.24.0-alpha.jar;C:\Users\andrii.teterka\.m2\repository\io\opentelemetry\opentelemetry-api-events\1.24.0-alpha\opentelemetry-api-events-1.24.0-alpha.jar;C:\Users\andrii.teterka\.m2\repository\io\opentelemetry\opentelemetry-sdk-common\1.24.0\opentelemetry-sdk-common-1.24.0.jar;C:\Users\andrii.teterka\.m2\repository\io\opentelemetry\opentelemetry-sdk-extension-autoconfigure-spi\1.24.0\opentelemetry-sdk-extension-autoconfigure-spi-1.24.0.jar;C:\Users\andrii.teterka\.m2\repository\io\opentelemetry\opentelemetry-sdk-extension-autoconfigure\1.24.0-alpha\opentelemetry-sdk-extension-autoconfigure-1.24.0-alpha.jar;C:\Users\andrii.teterka\.m2\repository\io\opentelemetry\opentelemetry-sdk-trace\1.24.0\opentelemetry-sdk-trace-1.24.0.jar;C:\Users\andrii.teterka\.m2\repository\io\opentelemetry\opentelemetry-sdk\1.24.0\opentelemetry-sdk-1.24.0.jar;C:\Users\andrii.teterka\.m2\repository\io\opentelemetry\opentelemetry-semconv\1.24.0-alpha\opentelemetry-semconv-1.24.0-alpha.jar;C:\Users\andrii.teterka\.m2\repository\io\ous\jtoml\2.0.0\jtoml-2.0.0.jar;C:\Users\andrii.teterka\.m2\repository\org\apache\commons\commons-exec\1.3\commons-exec-1.3.jar;C:\Users\andrii.teterka\.m2\repository\org\asynchttpclient\async-http-client\2.12.3\async-http-client-2.12.3.jar;C:\Users\andrii.teterka\.m2\repository\org\asynchttpclient\async-http-client-netty-utils\2.12.3\async-http-client-netty-utils-2.12.3.jar;C:\Users\andrii.teterka\.m2\repository\io\netty\netty-codec-socks\4.1.60.Final\netty-codec-socks-4.1.60.Final.jar;C:\Users\andrii.teterka\.m2\repository\io\netty\netty-handler-proxy\4.1.60.Final\netty-handler-proxy-4.1.60.Final.jar;C:\Users\andrii.teterka\.m2\repository\io\netty\netty-transport-native-epoll\4.1.60.Final\netty-transport-native-epoll-4.1.60.Final-linux-x86_64.jar;C:\Users\andrii.teterka\.m2\repository\io\netty\netty-transport-native-kqueue\4.1.60.Final\netty-transport-native-kqueue-4.1.60.Final-osx-x86_64.jar;C:\Users\andrii.teterka\.m2\repository\org\reactivestreams\reactive-streams\1.0.3\reactive-streams-1.0.3.jar;C:\Users\andrii.teterka\.m2\repository\com\typesafe\netty\netty-reactive-streams\2.0.4\netty-reactive-streams-2.0.4.jar;C:\Users\andrii.teterka\.m2\repository\com\sun\activation\jakarta.activation\1.2.2\jakarta.activation-1.2.2.jar;C:\Users\andrii.teterka\.m2\repository\org\seleniumhq\selenium\selenium-safari-driver\4.8.3\selenium-safari-driver-4.8.3.jar;C:\Users\andrii.teterka\.m2\repository\org\seleniumhq\selenium\selenium-support\4.8.3\selenium-support-4.8.3.jar;C:\Users\andrii.teterka\.m2\repository\com\codeborne\selenide-core\6.13.0\selenide-core-6.13.0.jar;C:\Users\andrii.teterka\.m2\repository\org\opentest4j\opentest4j\1.2.0\opentest4j-1.2.0.jar;C:\Users\andrii.teterka\.m2\repository\io\github\bonigarcia\webdrivermanager\5.3.2\webdrivermanager-5.3.2.jar;C:\Users\andrii.teterka\.m2\repository\com\google\code\gson\gson\2.10.1\gson-2.10.1.jar;C:\Users\andrii.teterka\.m2\repository\org\brotli\dec\0.1.2\dec-0.1.2.jar;C:\Users\andrii.teterka\.m2\repository\org\apache\commons\commons-compress\1.23.0\commons-compress-1.23.0.jar;C:\Users\andrii.teterka\.m2\repository\org\apache\httpcomponents\client5\httpclient5\5.2.1\httpclient5-5.2.1.jar;C:\Users\andrii.teterka\.m2\repository\org\apache\httpcomponents\core5\httpcore5\5.2\httpcore5-5.2.jar;C:\Users\andrii.teterka\.m2\repository\org\apache\httpcomponents\core5\httpcore5-h2\5.2\httpcore5-h2-5.2.jar;C:\Users\andrii.teterka\.m2\repository\com\google\guava\guava\31.1-jre\guava-31.1-jre.jar;C:\Users\andrii.teterka\.m2\repository\com\google\guava\failureaccess\1.0.1\failureaccess-1.0.1.jar;C:\Users\andrii.teterka\.m2\repository\com\google\guava\listenablefuture\9999.0-empty-to-avoid-conflict-with-guava\listenablefuture-9999.0-empty-to-avoid-conflict-with-guava.jar;C:\Users\andrii.teterka\.m2\repository\com\google\code\findbugs\jsr305\3.0.2\jsr305-3.0.2.jar;C:\Users\andrii.teterka\.m2\repository\org\checkerframework\checker-qual\3.12.0\checker-qual-3.12.0.jar;C:\Users\andrii.teterka\.m2\repository\com\google\errorprone\error_prone_annotations\2.11.0\error_prone_annotations-2.11.0.jar;C:\Users\andrii.teterka\.m2\repository\com\google\j2objc\j2objc-annotations\1.3\j2objc-annotations-1.3.jar;C:\Users\andrii.teterka\.m2\repository\org\apache\commons\commons-lang3\3.12.0\commons-lang3-3.12.0.jar;C:\Users\andrii.teterka\.m2\repository\commons-io\commons-io\2.11.0\commons-io-2.11.0.jar;C:\Users\andrii.teterka\.m2\repository\ch\qos\logback\logback-classic\1.4.6\logback-classic-1.4.6.jar;C:\Users\andrii.teterka\.m2\repository\ch\qos\logback\logback-core\1.4.6\logback-core-1.4.6.jar;C:\Users\andrii.teterka\.m2\repository\org\slf4j\slf4j-api\2.0.7\slf4j-api-2.0.7.jar;C:\Users\andrii.teterka\.m2\repository\io\qameta\allure\allure-testng\2.21.0\allure-testng-2.21.0.jar;C:\Users\andrii.teterka\.m2\repository\io\qameta\allure\allure-java-commons\2.21.0\allure-java-commons-2.21.0.jar;C:\Users\andrii.teterka\.m2\repository\io\qameta\allure\allure-model\2.21.0\allure-model-2.21.0.jar;C:\Users\andrii.teterka\.m2\repository\io\qameta\allure\allure-test-filter\2.21.0\allure-test-filter-2.21.0.jar;C:\Users\andrii.teterka\.m2\repository\com\fasterxml\jackson\core\jackson-databind\2.14.1\jackson-databind-2.14.1.jar;C:\Users\andrii.teterka\.m2\repository\com\fasterxml\jackson\core\jackson-annotations\2.14.1\jackson-annotations-2.14.1.jar;C:\Users\andrii.teterka\.m2\repository\com\fasterxml\jackson\core\jackson-core\2.14.1\jackson-core-2.14.1.jar;C:\Users\andrii.teterka\.m2\repository\com\fasterxml\jackson\dataformat\jackson-dataformat-yaml\2.14.1\jackson-dataformat-yaml-2.14.1.jar;C:\Users\andrii.teterka\.m2\repository\org\yaml\snakeyaml\1.33\snakeyaml-1.33.jar;C:\Users\andrii.teterka\.m2\repository\org\eclipse\jetty\jetty-server\9.4.49.v20220914\jetty-server-9.4.49.v20220914.jar;C:\Users\andrii.teterka\.m2\repository\javax\servlet\javax.servlet-api\3.1.0\javax.servlet-api-3.1.0.jar;C:\Users\andrii.teterka\.m2\repository\org\eclipse\jetty\jetty-http\9.4.49.v20220914\jetty-http-9.4.49.v20220914.jar;C:\Users\andrii.teterka\.m2\repository\org\eclipse\jetty\jetty-util\9.4.49.v20220914\jetty-util-9.4.49.v20220914.jar;C:\Users\andrii.teterka\.m2\repository\org\eclipse\jetty\jetty-io\9.4.49.v20220914\jetty-io-9.4.49.v20220914.jar;C:\Users\andrii.teterka\.m2\repository\io\qameta\allure\allure-generator\2.21.0\allure-generator-2.21.0.jar;C:\Users\andrii.teterka\.m2\repository\io\qameta\allure\allure-plugin-api\2.21.0\allure-plugin-api-2.21.0.jar;C:\Users\andrii.teterka\.m2\repository\com\opencsv\opencsv\4.6\opencsv-4.6.jar;C:\Users\andrii.teterka\.m2\repository\org\apache\commons\commons-text\1.3\commons-text-1.3.jar;C:\Users\andrii.teterka\.m2\repository\commons-beanutils\commons-beanutils\1.9.3\commons-beanutils-1.9.3.jar;C:\Users\andrii.teterka\.m2\repository\commons-collections\commons-collections\3.2.2\commons-collections-3.2.2.jar;C:\Users\andrii.teterka\.m2\repository\org\apache\commons\commons-collections4\4.2\commons-collections4-4.2.jar;C:\Users\andrii.teterka\.m2\repository\com\vladsch\flexmark\flexmark\0.62.2\flexmark-0.62.2.jar;C:\Users\andrii.teterka\.m2\repository\com\vladsch\flexmark\flexmark-util-ast\0.62.2\flexmark-util-ast-0.62.2.jar;C:\Users\andrii.teterka\.m2\repository\org\jetbrains\annotations\15.0\annotations-15.0.jar;C:\Users\andrii.teterka\.m2\repository\com\vladsch\flexmark\flexmark-util-builder\0.62.2\flexmark-util-builder-0.62.2.jar;C:\Users\andrii.teterka\.m2\repository\com\vladsch\flexmark\flexmark-util-collection\0.62.2\flexmark-util-collection-0.62.2.jar;C:\Users\andrii.teterka\.m2\repository\com\vladsch\flexmark\flexmark-util-data\0.62.2\flexmark-util-data-0.62.2.jar;C:\Users\andrii.teterka\.m2\repository\com\vladsch\flexmark\flexmark-util-dependency\0.62.2\flexmark-util-dependency-0.62.2.jar;C:\Users\andrii.teterka\.m2\repository\com\vladsch\flexmark\flexmark-util-format\0.62.2\flexmark-util-format-0.62.2.jar;C:\Users\andrii.teterka\.m2\repository\com\vladsch\flexmark\flexmark-util-html\0.62.2\flexmark-util-html-0.62.2.jar;C:\Users\andrii.teterka\.m2\repository\com\vladsch\flexmark\flexmark-util-misc\0.62.2\flexmark-util-misc-0.62.2.jar;C:\Users\andrii.teterka\.m2\repository\com\vladsch\flexmark\flexmark-util-sequence\0.62.2\flexmark-util-sequence-0.62.2.jar;C:\Users\andrii.teterka\.m2\repository\com\vladsch\flexmark\flexmark-util-visitor\0.62.2\flexmark-util-visitor-0.62.2.jar;C:\Users\andrii.teterka\.m2\repository\com\vladsch\flexmark\flexmark-ext-tables\0.62.2\flexmark-ext-tables-0.62.2.jar;C:\Users\andrii.teterka\.m2\repository\com\vladsch\flexmark\flexmark-util\0.62.2\flexmark-util-0.62.2.jar;C:\Users\andrii.teterka\.m2\repository\com\vladsch\flexmark\flexmark-util-options\0.62.2\flexmark-util-options-0.62.2.jar;C:\Users\andrii.teterka\.m2\repository\com\fasterxml\jackson\dataformat\jackson-dataformat-xml\2.14.1\jackson-dataformat-xml-2.14.1.jar;C:\Users\andrii.teterka\.m2\repository\org\codehaus\woodstox\stax2-api\4.2.1\stax2-api-4.2.1.jar;C:\Users\andrii.teterka\.m2\repository\com\fasterxml\woodstox\woodstox-core\6.4.0\woodstox-core-6.4.0.jar;C:\Users\andrii.teterka\.m2\repository\com\fasterxml\jackson\module\jackson-module-jaxb-annotations\2.14.1\jackson-module-jaxb-annotations-2.14.1.jar;C:\Users\andrii.teterka\.m2\repository\jakarta\xml\bind\jakarta.xml.bind-api\2.3.3\jakarta.xml.bind-api-2.3.3.jar;C:\Users\andrii.teterka\.m2\repository\jakarta\activation\jakarta.activation-api\1.2.2\jakarta.activation-api-1.2.2.jar;C:\Users\andrii.teterka\.m2\repository\javax\xml\bind\jaxb-api\2.3.1\jaxb-api-2.3.1.jar;C:\Users\andrii.teterka\.m2\repository\javax\activation\javax.activation-api\1.2.0\javax.activation-api-1.2.0.jar;C:\Users\andrii.teterka\.m2\repository\org\allurefw\allure1-model\1.0\allure1-model-1.0.jar;C:\Users\andrii.teterka\.m2\repository\ru\qatools\commons\properties\2.0.RC5\properties-2.0.RC5.jar;C:\Users\andrii.teterka\.m2\repository\com\github\baev\jaxb-utils\1.0\jaxb-utils-1.0.jar;C:\Users\andrii.teterka\.m2\repository\org\apache\httpcomponents\httpclient\4.5.14\httpclient-4.5.14.jar;C:\Users\andrii.teterka\.m2\repository\org\apache\httpcomponents\httpcore\4.4.16\httpcore-4.4.16.jar;C:\Users\andrii.teterka\.m2\repository\commons-logging\commons-logging\1.2\commons-logging-1.2.jar;C:\Users\andrii.teterka\.m2\repository\commons-codec\commons-codec\1.11\commons-codec-1.11.jar;C:\Users\andrii.teterka\.m2\repository\org\apache\tika\tika-core\2.6.0\tika-core-2.6.0.jar;C:\Users\andrii.teterka\.m2\repository\org\freemarker\freemarker\2.3.32\freemarker-2.3.32.jar;C:\Users\andrii.teterka\.m2\repository\org\aspectj\aspectjweaver\1.9.19\aspectjweaver-1.9.19.jar;C:\Users\andrii.teterka\.m2\repository\com\typesafe\config\1.4.2\config-1.4.2.jar;C:\Users\andrii.teterka\.m2\repository\com\github\javafaker\javafaker\1.0.2\javafaker-1.0.2.jar;C:\Users\andrii.teterka\.m2\repository\org\yaml\snakeyaml\1.23\snakeyaml-1.23-android.jar;C:\Users\andrii.teterka\.m2\repository\com\github\mifmif\generex\1.0.2\generex-1.0.2.jar;C:\Users\andrii.teterka\.m2\repository\dk\brics\automaton\automaton\1.11-8\automaton-1.11-8.jar;"/>
    <property name="allure.results.directory" value="C:\Users\andrii.teterka\IdeaProjects\IDPProjectUI\target/allure-results"/>
    <property name="sun.cpu.endian" value="little"/>
    <property name="user.home" value="C:\Users\andrii.teterka"/>
    <property name="user.language" value="en"/>
    <property name="java.specification.vendor" value="Oracle Corporation"/>
    <property name="java.version.date" value="2023-01-17"/>
    <property name="java.home" value="C:\Users\andrii.teterka\.jdks\openjdk-19.0.2"/>
    <property name="file.separator" value="\"/>
    <property name="basedir" value="C:\Users\andrii.teterka\IdeaProjects\IDPProjectUI"/>
    <property name="java.vm.compressedOopsMode" value="Zero based"/>
    <property name="line.separator" value="&#10;"/>
    <property name="java.vm.specification.vendor" value="Oracle Corporation"/>
    <property name="java.specification.name" value="Java Platform API Specification"/>
    <property name="surefire.real.class.path" value="C:\Users\andrii.teterka\AppData\Local\Temp\surefire9422064460451970384\surefirebooter-20230530165948457_3.jar"/>
    <property name="user.script" value=""/>
    <property name="sun.management.compiler" value="HotSpot 64-Bit Tiered Compilers"/>
    <property name="java.runtime.version" value="19.0.2+7-44"/>
    <property name="user.name" value="andrii.teterka"/>
    <property name="stdout.encoding" value="Cp1251"/>
    <property name="path.separator" value=";"/>
    <property name="os.version" value="10.0"/>
    <property name="java.runtime.name" value="OpenJDK Runtime Environment"/>
    <property name="file.encoding" value="UTF-8"/>
    <property name="java.vm.name" value="OpenJDK 64-Bit Server VM"/>
    <property name="localRepository" value="C:\Users\andrii.teterka\.m2\repository"/>
    <property name="java.vendor.url.bug" value="https://bugreport.java.com/bugreport/"/>
    <property name="java.io.tmpdir" value="C:\Users\ANDRII~1.TET\AppData\Local\Temp\"/>
    <property name="idea.version" value="2022.3.2"/>
    <property name="java.version" value="19.0.2"/>
    <property name="user.dir" value="C:\Users\andrii.teterka\IdeaProjects\IDPProjectUI"/>
    <property name="os.arch" value="amd64"/>
    <property name="java.vm.specification.name" value="Java Virtual Machine Specification"/>
    <property name="sun.os.patch.level" value=""/>
    <property name="native.encoding" value="Cp1251"/>
    <property name="java.library.path" value="C:\Users\andrii.teterka\.jdks\openjdk-19.0.2\bin;C:\Windows\Sun\Java\bin;C:\Windows\system32;C:\Windows;C:\Program Files\Common Files\Oracle\Java\javapath;C:\Program Files (x86)\Common Files\Oracle\Java\javapath;C:\Windows\system32;C:\Windows;C:\Windows\System32\Wbem;C:\Windows\System32\WindowsPowerShell\v1.0\;C:\Windows\System32\OpenSSH\;C:\Program Files\dotnet\;C:\Program Files\Git\cmd;C:\allure-commandline-2.17.0\allure-2.17.0;C:\Users\andrii.teterka\AppData\Local\Microsoft\WindowsApps;C:\Program Files\JetBrains\IntelliJ IDEA 2021.2\bin;C:\Program Files\Java\jdk-11.0.16;C:\Program Files (x86)\apache-maven-3.8.2\bin;C:\Program Files (x86)\apache-maven-3.8.2\bin;C:\Users\andrii.teterka\Downloads\webOS_TV_SDK\CLI\bin;C:\Program Files\Microsoft VS Code\bin;C:\Program Files\Docker\Docker\resources\bin;C:\Users\andrii.teterka\Downloads\allure-commandline-2.22.0\bin;C:\Users\andrii.teterka\AppData\Local\Microsoft\WindowsApps;C:\Program Files\JetBrains\IntelliJ IDEA 2021.2\bin;;C:\Program Files\Java\jdk-11.0.16;C:\Program Files (x86)\apache-maven-3.8.2\bin;C:\Program Files (x86)\apache-maven-3.8.2\bin;;."/>
    <property name="java.vm.info" value="mixed mode, sharing"/>
    <property name="stderr.encoding" value="Cp1251"/>
    <property name="java.vendor" value="Oracle Corporation"/>
    <property name="java.vm.version" value="19.0.2+7-44"/>
    <property name="sun.io.unicode.encoding" value="UnicodeLittle"/>
    <property name="java.class.version" value="63.0"/>
    <property name="webdriver.http.factory" value="selenide-netty-client-factory"/>
  </properties>
  <testcase name="verifyEmptyPasswordSignIn" classname="tests.Authentication.VerifyEmptyPasswordSignIn" time="0">
    <skipped message="Element not found {#nav-link-accountList}&#10;Expected: visible&#10;Screenshot: file:/C:/Users/andrii.teterka/IdeaProjects/IDPProjectUI/build/reports/tests/1685455213777.0.png&#10;Page source: file:/C:/Users/andrii.teterka/IdeaProjects/IDPProjectUI/build/reports/tests/1685455213777.0.html&#10;Timeout: 6 s.&#10;Caused by: NoSuchElementException: no such element: Unable to locate element: {&quot;method&quot;:&quot;css selector&quot;,&quot;selector&quot;:&quot;#nav-link-accountList&quot;}"/>
    <system-out><![CDATA[16:59:51.89 [ WARN ] Ignoring duplicate listener : io.qameta.allure.testng.AllureTestNg
16:59:51.90 [ WARN ] Ignoring duplicate listener : io.qameta.allure.testng.AllureTestNg
16:59:51.90 [ WARN ] Ignoring duplicate listener : io.qameta.allure.testng.AllureTestNg
16:59:53.55 [ INFO ] Using chromedriver 113.0.5672.63 (resolved driver for Chrome 113)
16:59:53.55 [ INFO ] Using chromedriver 113.0.5672.63 (resolved driver for Chrome 113)
16:59:53.55 [ INFO ] Using chromedriver 113.0.5672.63 (resolved driver for Chrome 113)
16:59:53.55 [ INFO ] Using chromedriver 113.0.5672.63 (resolved driver for Chrome 113)
16:59:53.55 [ INFO ] Using chromedriver 113.0.5672.63 (resolved driver for Chrome 113)
16:59:53.64 [ INFO ] Exporting webdriver.chrome.driver as C:\Users\andrii.teterka\.cache\selenium\chromedriver\win32\113.0.5672.63\chromedriver.exe
16:59:53.64 [ INFO ] Exporting webdriver.chrome.driver as C:\Users\andrii.teterka\.cache\selenium\chromedriver\win32\113.0.5672.63\chromedriver.exe
16:59:53.64 [ INFO ] Exporting webdriver.chrome.driver as C:\Users\andrii.teterka\.cache\selenium\chromedriver\win32\113.0.5672.63\chromedriver.exe
16:59:53.64 [ INFO ] Exporting webdriver.chrome.driver as C:\Users\andrii.teterka\.cache\selenium\chromedriver\win32\113.0.5672.63\chromedriver.exe
16:59:53.64 [ INFO ] Exporting webdriver.chrome.driver as C:\Users\andrii.teterka\.cache\selenium\chromedriver\win32\113.0.5672.63\chromedriver.exe
16:59:54.37 [ INFO ] No webdriver is bound to current thread: 41 - let's create a new webdriver
16:59:54.37 [ INFO ] No webdriver is bound to current thread: 40 - let's create a new webdriver
16:59:54.37 [ INFO ] No webdriver is bound to current thread: 39 - let's create a new webdriver
16:59:54.37 [ INFO ] No webdriver is bound to current thread: 42 - let's create a new webdriver
16:59:54.37 [ INFO ] No webdriver is bound to current thread: 43 - let's create a new webdriver
16:59:54.40 [ INFO ] Creating folder: C:\Users\andrii.teterka\IdeaProjects\IDPProjectUI\build\downloads\1685455194399_38212_43
16:59:54.40 [ INFO ] Creating folder: C:\Users\andrii.teterka\IdeaProjects\IDPProjectUI\build\downloads\1685455194399_38212_39
16:59:54.40 [ INFO ] Creating folder: C:\Users\andrii.teterka\IdeaProjects\IDPProjectUI\build\downloads\1685455194399_38212_40
16:59:54.40 [ INFO ] Creating folder: C:\Users\andrii.teterka\IdeaProjects\IDPProjectUI\build\downloads\1685455194399_38212_42
16:59:54.40 [ INFO ] Creating folder: C:\Users\andrii.teterka\IdeaProjects\IDPProjectUI\build\downloads\1685455194399_38212_41
16:59:54.69 [ INFO ] Changed readTimeout from PT3M to PT1M30S
16:59:54.69 [ INFO ] Changed readTimeout from PT3M to PT1M30S
16:59:54.69 [ INFO ] Changed readTimeout from PT3M to PT1M30S
16:59:54.69 [ INFO ] Changed readTimeout from PT3M to PT1M30S
16:59:54.69 [ INFO ] Changed readTimeout from PT3M to PT1M30S
17:00:05.03 [ INFO ] Changed readTimeout from PT3M to PT1M30S
17:00:05.03 [ INFO ] Changed readTimeout from PT3M to PT1M30S
17:00:05.03 [ INFO ] Changed readTimeout from PT3M to PT1M30S
17:00:05.03 [ INFO ] Changed readTimeout from PT3M to PT1M30S
17:00:05.07 [ INFO ] Changed readTimeout from PT3M to PT1M30S
17:00:05.07 [ INFO ] Changed readTimeout from PT3M to PT1M30S
17:00:05.07 [ INFO ] Changed readTimeout from PT3M to PT1M30S
17:00:05.07 [ INFO ] Changed readTimeout from PT3M to PT1M30S
17:00:05.09 [ INFO ] Changed readTimeout from PT3M to PT1M30S
17:00:05.12 [ INFO ] Changed readTimeout from PT3M to PT1M30S
17:00:05.28 [ INFO ] BrowserName=chrome Version=113.0.5672.127 Platform=WINDOWS
17:00:05.28 [ INFO ] Selenide v. 6.13.0
17:00:05.28 [ INFO ] Selenium WebDriver v. 4.8.3 build revision: e5e76298c3
17:00:05.28 [ INFO ] Created webdriver in thread 41: ChromeDriver -> ChromeDriver: chrome on WINDOWS (027f51b886f5fd64e4b7a7fb3785405f)
17:00:05.28 [ INFO ] BrowserName=chrome Version=113.0.5672.127 Platform=WINDOWS
17:00:05.28 [ INFO ] Selenide v. 6.13.0
17:00:05.28 [ INFO ] Selenium WebDriver v. 4.8.3 build revision: e5e76298c3
17:00:05.28 [ INFO ] Created webdriver in thread 40: ChromeDriver -> ChromeDriver: chrome on WINDOWS (3d4eaa8be2979b94ff3f3151faf361d9)
17:00:05.28 [ INFO ] BrowserName=chrome Version=113.0.5672.127 Platform=WINDOWS
17:00:05.28 [ INFO ] Selenide v. 6.13.0
17:00:05.28 [ INFO ] BrowserName=chrome Version=113.0.5672.127 Platform=WINDOWS
17:00:05.28 [ INFO ] Selenium WebDriver v. 4.8.3 build revision: e5e76298c3
17:00:05.28 [ INFO ] Selenide v. 6.13.0
17:00:05.28 [ INFO ] Selenium WebDriver v. 4.8.3 build revision: e5e76298c3
17:00:05.28 [ INFO ] Created webdriver in thread 42: ChromeDriver -> ChromeDriver: chrome on WINDOWS (72903957d8b2755076f72c3aada4abbc)
17:00:05.28 [ INFO ] Created webdriver in thread 43: ChromeDriver -> ChromeDriver: chrome on WINDOWS (1c0d312789718b6619ded9d2c8043b36)
17:00:05.28 [ INFO ] BrowserName=chrome Version=113.0.5672.127 Platform=WINDOWS
17:00:05.28 [ INFO ] Selenide v. 6.13.0
17:00:05.28 [ INFO ] Selenium WebDriver v. 4.8.3 build revision: e5e76298c3
17:00:05.28 [ INFO ] Created webdriver in thread 39: ChromeDriver -> ChromeDriver: chrome on WINDOWS (757a716b7e3236fa8df10d478b631965)
17:00:05.29 [ INFO ] Register WebDriverInstance[config=StaticConfig,webDriver=ChromeDriver: chrome on WINDOWS (027f51b886f5fd64e4b7a7fb3785405f),proxy=null,downloadsFolder=C:\Users\andrii.teterka\IdeaProjects\IDPProjectUI\build\downloads\1685455194399_38212_41] in 41 [size=1]
17:00:05.29 [ INFO ] Add shutdown hook in 41 [size=1]
17:00:05.29 [ INFO ] Register WebDriverInstance[config=StaticConfig,webDriver=ChromeDriver: chrome on WINDOWS (3d4eaa8be2979b94ff3f3151faf361d9),proxy=null,downloadsFolder=C:\Users\andrii.teterka\IdeaProjects\IDPProjectUI\build\downloads\1685455194399_38212_40] in 40 [size=2]
17:00:05.29 [ INFO ] Register WebDriverInstance[config=StaticConfig,webDriver=ChromeDriver: chrome on WINDOWS (1c0d312789718b6619ded9d2c8043b36),proxy=null,downloadsFolder=C:\Users\andrii.teterka\IdeaProjects\IDPProjectUI\build\downloads\1685455194399_38212_43] in 43 [size=3]
17:00:05.29 [ INFO ] Register WebDriverInstance[config=StaticConfig,webDriver=ChromeDriver: chrome on WINDOWS (757a716b7e3236fa8df10d478b631965),proxy=null,downloadsFolder=C:\Users\andrii.teterka\IdeaProjects\IDPProjectUI\build\downloads\1685455194399_38212_39] in 39 [size=4]
17:00:05.29 [ INFO ] Register WebDriverInstance[config=StaticConfig,webDriver=ChromeDriver: chrome on WINDOWS (72903957d8b2755076f72c3aada4abbc),proxy=null,downloadsFolder=C:\Users\andrii.teterka\IdeaProjects\IDPProjectUI\build\downloads\1685455194399_38212_42] in 42 [size=5]
17:00:07.62 [ INFO ] Click on Account List link
17:00:08.26 [ INFO ] Click on Account List link
17:00:09.27 [ INFO ] Click on Account List link
17:00:11.11 [ INFO ] Click on Account List link
17:00:11.73 [ INFO ] Enter user email
17:00:11.84 [ INFO ] Click on Account List link
17:00:12.98 [ INFO ] Click on Continue button
17:00:13.87 [ INFO ] Click on Continue button
17:00:14.41 [ INFO ] Enter user password
17:00:14.81 [ INFO ] Enter user email
17:00:14.94 [ INFO ] Click on Sign In button
17:00:14.99 [ INFO ] Verify missing email alert text
]]></system-out>
    <system-err><![CDATA[Starting ChromeDriver 113.0.5672.63 (0e1a4471d5ae5bf128b1bd8f4d627c8cbd55f70c-refs/branch-heads/5672@{#912}) on port 17408
Only local connections are allowed.
Please see https://chromedriver.chromium.org/security-considerations for suggestions on keeping ChromeDriver safe.
Starting ChromeDriver 113.0.5672.63 (0e1a4471d5ae5bf128b1bd8f4d627c8cbd55f70c-refs/branch-heads/5672@{#912}) on port 2971
Only local connections are allowed.
Please see https://chromedriveChr.chromirumo.meoDrrgi/vseerc uwraist ys-tcoanrstiedde rsautciocness sffourl lsyu.gge
stions on keeping ChromeDriver safe.
ChromeDriver was started successfully.
Starting ChromeDriver 113.0.5672.63 (0e1a4471d5ae5bf128b1bd8f4d627c8cbd55f70c-refs/branch-heads/5672@{#912}) on port 41115
Only local connections are allowed.
Please see https://chromedriver.chromium.org/security-considerations for suggestions on keeping ChromeDriver safe.
Starting ChromeDriver 113.0.5672.63 (0e1a4471d5ae5bf128b1bd8f4d627c8cbd55f70c-refs/branch-heads/5672@{#912}) on port 11306
Only local connections are allowed.
Please see https://chromedriver.chromium.org/security-considerations for suggestions on keeping ChromeDriver safe.
ChromeDriver was started successfully.
ChromeDriver was started successfully.
Starting ChromeDriver 113.0.5672.63 (0e1a4471d5ae5bf128b1bd8f4d627c8cbd55f70c-refs/branch-heads/5672@{#912}) on port 18360
Only local connections are allowed.
Please see https://chromedriver.chromium.org/security-considerations for suggestions on keeping ChromeDriver safe.
ChromeDriver was started successfully.
May 30, 2023 5:00:05 PM org.openqa.selenium.devtools.CdpVersionFinder findNearestMatch
WARNING: Unable to find an exact match for CDP version 113, so returning the closest version found: 111
May 30, 2023 5:00:05 PM org.openqa.selenium.devtools.CdpVersionFinder findNearestMatch
WARNING: Unable to find an exact match for CDP version 113, so returning the closest version found: 111
May 30, 2023 5:00:05 PM org.openqa.selenium.devtools.CdpVersionFinder findNearestMatch
WARNING: Unable to find an exact match for CDP version 113, so returning the closest version found: 111
May 30, 2023 5:00:05 PM org.openqa.selenium.devtools.CdpVersionFinder findNearestMatch
WARNING: Unable to find an exact match for CDP version 113, so returning the closest version found: 111
May 30, 2023 5:00:05 PM org.openqa.selenium.devtools.CdpVersionFinder findNearestMatch
WARNING: Unable to find an exact match for CDP version 113, so returning the closest version found: 111
]]></system-err>
  </testcase>
  <testcase name="verifyEmptyPasswordSignIn" classname="tests.Authentication.VerifyEmptyPasswordSignIn" time="3.716">
    <system-out><![CDATA[17:00:20.26 [ INFO ] Deleted empty folder: C:\Users\andrii.teterka\IdeaProjects\IDPProjectUI\build\downloads\1685455194399_38212_42
17:00:20.26 [ INFO ] Close webdriver: 42 -> ChromeDriver: chrome on WINDOWS (72903957d8b2755076f72c3aada4abbc)...
17:00:20.92 [ INFO ] Changed readTimeout from PT3M to PT1M30S
17:00:20.92 [ INFO ] Changed readTimeout from PT3M to PT1M30S
17:00:20.94 [ INFO ] BrowserName=chrome Version=113.0.5672.127 Platform=WINDOWS
17:00:20.94 [ INFO ] Selenide v. 6.13.0
17:00:20.94 [ INFO ] Selenium WebDriver v. 4.8.3 build revision: e5e76298c3
17:00:20.94 [ INFO ] Created webdriver in thread 40: ChromeDriver -> ChromeDriver: chrome on WINDOWS (155d44b8e5ff1b3344358ba8097d8ab8)
17:00:20.94 [ INFO ] Register WebDriverInstance[config=StaticConfig,webDriver=ChromeDriver: chrome on WINDOWS (155d44b8e5ff1b3344358ba8097d8ab8),proxy=null,downloadsFolder=C:\Users\andrii.teterka\IdeaProjects\IDPProjectUI\build\downloads\1685455217150_38212_40] in 40 [size=2]
17:00:21.34 [ INFO ] Changed readTimeout from PT3M to PT1M30S
17:00:21.35 [ INFO ] Changed readTimeout from PT3M to PT1M30S
17:00:21.37 [ INFO ] BrowserName=chrome Version=113.0.5672.127 Platform=WINDOWS
17:00:21.37 [ INFO ] Selenide v. 6.13.0
17:00:21.37 [ INFO ] Selenium WebDriver v. 4.8.3 build revision: e5e76298c3
17:00:21.37 [ INFO ] Created webdriver in thread 43: ChromeDriver -> ChromeDriver: chrome on WINDOWS (c66e924b16ab79cfb339bcdddac7de07)
17:00:21.37 [ INFO ] Register WebDriverInstance[config=StaticConfig,webDriver=ChromeDriver: chrome on WINDOWS (c66e924b16ab79cfb339bcdddac7de07),proxy=null,downloadsFolder=C:\Users\andrii.teterka\IdeaProjects\IDPProjectUI\build\downloads\1685455217164_38212_43] in 43 [size=3]
17:00:22.91 [ INFO ] Click on Account List link
17:00:22.98 [ INFO ] Click on Account List link
17:00:24.49 [ INFO ] Closed webdriver 42 in 4232 ms
17:00:24.49 [ INFO ] Unregister WebDriverInstance[config=StaticConfig,webDriver=ChromeDriver: chrome on WINDOWS (null),proxy=null,downloadsFolder=C:\Users\andrii.teterka\IdeaProjects\IDPProjectUI\build\downloads\1685455194399_38212_42] in 42 [size=2]
17:00:24.72 [ INFO ] Enter user email
17:00:24.86 [ INFO ] Enter user email
17:00:25.46 [ INFO ] Click on Continue button
17:00:25.55 [ INFO ] Click on Continue button
17:00:26.43 [ INFO ] Click on Sign In button
17:00:26.62 [ INFO ] Verify missing password alert text
]]></system-out>
    <system-err><![CDATA[May 30, 2023 5:00:20 PM org.openqa.selenium.devtools.CdpVersionFinder findNearestMatch
WARNING: Unable to find an exact match for CDP version 113, so returning the closest version found: 111
May 30, 2023 5:00:21 PM org.openqa.selenium.devtools.CdpVersionFinder findNearestMatch
WARNING: Unable to find an exact match for CDP version 113, so returning the closest version found: 111
]]></system-err>
  </testcase>
  <testcase name="verifyEmptyEmailSignIn" classname="tests.Authentication.VerifyEmptyEmailSignIn" time="3.249"/>
  <testcase name="verifySuccessfulSignIn" classname="tests.Authentication.VerifySuccessfulSignIn" time="0">
    <skipped message="Element not found {#nav-link-accountList}&#10;Expected: visible&#10;Screenshot: file:/C:/Users/andrii.teterka/IdeaProjects/IDPProjectUI/build/reports/tests/1685455215421.1.png&#10;Page source: file:/C:/Users/andrii.teterka/IdeaProjects/IDPProjectUI/build/reports/tests/1685455215421.1.html&#10;Timeout: 6 s.&#10;Caused by: NoSuchElementException: no such element: Unable to locate element: {&quot;method&quot;:&quot;css selector&quot;,&quot;selector&quot;:&quot;#nav-link-accountList&quot;}"/>
    <system-out><![CDATA[17:00:15.08 [ INFO ] Deleted empty folder: C:\Users\andrii.teterka\IdeaProjects\IDPProjectUI\build\downloads\1685455194399_38212_39
17:00:15.08 [ INFO ] Close webdriver: 39 -> ChromeDriver: chrome on WINDOWS (757a716b7e3236fa8df10d478b631965)...
17:00:15.08 [ INFO ] Deleted empty folder: C:\Users\andrii.teterka\IdeaProjects\IDPProjectUI\build\downloads\1685455194399_38212_40
17:00:15.08 [ INFO ] Close webdriver: 40 -> ChromeDriver: chrome on WINDOWS (3d4eaa8be2979b94ff3f3151faf361d9)...
17:00:15.46 [ INFO ] Hover mouse on Sign In link
17:00:15.72 [ INFO ] Click on Continue button
]]></system-out>
  </testcase>
  <testcase name="verifySuccessfulSignIn" classname="tests.Authentication.VerifySuccessfulSignIn" time="6.288">
    <system-out><![CDATA[17:00:26.69 [ INFO ] Deleted empty folder: C:\Users\andrii.teterka\IdeaProjects\IDPProjectUI\build\downloads\1685455217150_38212_40
17:00:26.70 [ INFO ] Close webdriver: 40 -> ChromeDriver: chrome on WINDOWS (155d44b8e5ff1b3344358ba8097d8ab8)...
17:00:26.82 [ INFO ] Enter user password
17:00:27.13 [ INFO ] Click on Sign In button
17:00:27.45 [ INFO ] Verify user is signed in
17:00:27.53 [ INFO ] Closed webdriver 40 in 830 ms
17:00:27.53 [ INFO ] Unregister WebDriverInstance[config=StaticConfig,webDriver=ChromeDriver: chrome on WINDOWS (null),proxy=null,downloadsFolder=C:\Users\andrii.teterka\IdeaProjects\IDPProjectUI\build\downloads\1685455217150_38212_40] in 40 [size=1]
]]></system-out>
  </testcase>
  <testcase name="verifyIncorrectEmailSignIn" classname="tests.Authentication.VerifyIncorrectEmailSignIn" time="5.318">
    <system-out><![CDATA[17:00:16.02 [ INFO ] Deleted empty folder: C:\Users\andrii.teterka\IdeaProjects\IDPProjectUI\build\downloads\1685455194399_38212_43
17:00:16.02 [ INFO ] Close webdriver: 43 -> ChromeDriver: chrome on WINDOWS (1c0d312789718b6619ded9d2c8043b36)...
17:00:16.31 [ INFO ] Closed webdriver 39 in 1227 ms
17:00:16.31 [ INFO ] Unregister WebDriverInstance[config=StaticConfig,webDriver=ChromeDriver: chrome on WINDOWS (null),proxy=null,downloadsFolder=C:\Users\andrii.teterka\IdeaProjects\IDPProjectUI\build\downloads\1685455194399_38212_39] in 39 [size=4]
17:00:17.03 [ INFO ] Verify error text
17:00:17.08 [ INFO ] Closed webdriver 40 in 1997 ms
17:00:17.08 [ INFO ] Unregister WebDriverInstance[config=StaticConfig,webDriver=ChromeDriver: chrome on WINDOWS (null),proxy=null,downloadsFolder=C:\Users\andrii.teterka\IdeaProjects\IDPProjectUI\build\downloads\1685455194399_38212_40] in 40 [size=3]
17:00:17.11 [ INFO ] Using chromedriver 113.0.5672.63 (resolved driver for Chrome 113)
17:00:17.11 [ INFO ] Closed webdriver 43 in 1089 ms
17:00:17.11 [ INFO ] Unregister WebDriverInstance[config=StaticConfig,webDriver=ChromeDriver: chrome on WINDOWS (null),proxy=null,downloadsFolder=C:\Users\andrii.teterka\IdeaProjects\IDPProjectUI\build\downloads\1685455194399_38212_43] in 43 [size=2]
17:00:17.13 [ INFO ] Using chromedriver 113.0.5672.63 (resolved driver for Chrome 113)
17:00:17.14 [ INFO ] Exporting webdriver.chrome.driver as C:\Users\andrii.teterka\.cache\selenium\chromedriver\win32\113.0.5672.63\chromedriver.exe
17:00:17.15 [ INFO ] No webdriver is bound to current thread: 40 - let's create a new webdriver
17:00:17.15 [ INFO ] Creating folder: C:\Users\andrii.teterka\IdeaProjects\IDPProjectUI\build\downloads\1685455217150_38212_40
]]></system-out>
  </testcase>
  <testcase name="verifySignOut" classname="tests.Authentication.VerifySignOut" time="8.422">
    <system-out><![CDATA[17:00:17.16 [ INFO ] Exporting webdriver.chrome.driver as C:\Users\andrii.teterka\.cache\selenium\chromedriver\win32\113.0.5672.63\chromedriver.exe
17:00:17.16 [ INFO ] No webdriver is bound to current thread: 43 - let's create a new webdriver
17:00:17.19 [ INFO ] Creating folder: C:\Users\andrii.teterka\IdeaProjects\IDPProjectUI\build\downloads\1685455217164_38212_43
17:00:17.19 [ INFO ] Deleted empty folder: C:\Users\andrii.teterka\IdeaProjects\IDPProjectUI\build\downloads\1685455194399_38212_41
17:00:17.19 [ INFO ] Close webdriver: 41 -> ChromeDriver: chrome on WINDOWS (027f51b886f5fd64e4b7a7fb3785405f)...
17:00:17.20 [ INFO ] Changed readTimeout from PT3M to PT1M30S
17:00:17.21 [ INFO ] Changed readTimeout from PT3M to PT1M30S
17:00:18.13 [ INFO ] Click on Sign Out link
17:00:20.04 [ INFO ] Closed webdriver 41 in 2849 ms
17:00:20.04 [ INFO ] Unregister WebDriverInstance[config=StaticConfig,webDriver=ChromeDriver: chrome on WINDOWS (null),proxy=null,downloadsFolder=C:\Users\andrii.teterka\IdeaProjects\IDPProjectUI\build\downloads\1685455194399_38212_41] in 41 [size=1]
]]></system-out>
    <system-err><![CDATA[Starting ChromeDriver 113.0.5672.63 (0e1a4471d5ae5bf128b1bd8f4d627c8cbd55f70c-refs/branch-heads/5672@{#912}) on port 26311
Only local connections are allowed.
Please see https://chromedriver.chromium.org/security-considerations for suggestions on keeping ChromeDriver safe.
ChromeDriver was started successfully.
Starting ChromeDriver 113.0.5672.63 (0e1a4471d5ae5bf128b1bd8f4d627c8cbd55f70c-refs/branch-heads/5672@{#912}) on port 10025
Only local connections are allowed.
Please see https://chromedriver.chromium.org/security-considerations for suggestions on keeping ChromeDriver safe.
ChromeDriver was started successfully.
]]></system-err>
  </testcase>
</testsuite>