<?xml version="1.0" encoding="UTF-8"?>
<!-- Generated by org.testng.reporters.JUnitReportReporter -->
<testsuite hostname="LWO1-LDL-A11632" failures="0" tests="1" name="tests.TC01_Test" time="4.078" errors="0" timestamp="2023-04-19T16:58:13 EEST" skipped="0">
  <testcase classname="tests.TC01_Test" name="openUrl" time="4.078"/>
  <system-out/>
</testsuite> <!-- tests.TC01_Test -->
